<?xml version="1.0" encoding="UTF-8"?>
<!-- Generated by org.testng.reporters.JUnitReportReporter -->
<testsuite hostname="QUASPC1210" failures="0" tests="1" name="Dept_City_GIS_Page.City_GIS_1" time="57.697" errors="0" timestamp="24 Mar 2022 08:27:55 GMT">
  <testcase classname="Dept_City_GIS_Page.City_GIS_1" name="DSCL_Dept_CityGIS_15" time="57.697"/>
</testsuite> <!-- Dept_City_GIS_Page.City_GIS_1 -->
