<?xml version="1.0" encoding="UTF-8"?>
<!-- Generated by org.testng.reporters.JUnitReportReporter -->
<testsuite hostname="QUASPC1210" failures="0" tests="10" name="Application_Pages.Sign_In_Page" time="69.150" errors="0" timestamp="28 Mar 2022 06:25:25 GMT">
  <testcase classname="Application_Pages.Sign_In_Page" name="SGL_Ranchi_SignIn_5" time="7.169"/>
  <testcase classname="Application_Pages.Sign_In_Page" name="SGL_Ranchi_SignIn_2" time="10.173"/>
  <testcase classname="Application_Pages.Sign_In_Page" name="SGL_Ranchi_SignIn_6" time="7.055"/>
  <testcase classname="Application_Pages.Sign_In_Page" name="SGL_Ranchi_SignIn_1" time="4.909"/>
  <testcase classname="Application_Pages.Sign_In_Page" name="SGL_Ranchi_SignIn_7" time="7.477"/>
  <testcase classname="Application_Pages.Sign_In_Page" name="SGL_Ranchi_SignIn_9" time="5.257"/>
  <testcase classname="Application_Pages.Sign_In_Page" name="SGL_Ranchi_SignIn_4" time="7.043"/>
  <testcase classname="Application_Pages.Sign_In_Page" name="SGL_Ranchi_SignIn_3" time="9.638"/>
  <testcase classname="Application_Pages.Sign_In_Page" name="SGL_Ranchi_SignIn_8" time="5.168"/>
  <testcase classname="Application_Pages.Sign_In_Page" name="SGL_Ranchi_SignIn_10" time="5.261"/>
</testsuite> <!-- Application_Pages.Sign_In_Page -->
