<?xml version="1.0" encoding="UTF-8"?>
<!-- Generated by org.testng.reporters.JUnitReportReporter -->
<testsuite hostname="QUASPC1210" failures="0" tests="1" name="City_GIS_Map.City_GIS" time="16.549" errors="0" timestamp="31 Mar 2022 12:18:37 GMT">
  <testcase classname="City_GIS_Map.City_GIS" name="SGL_Ranchi_CITYGIS_148" time="16.549"/>
</testsuite> <!-- City_GIS_Map.City_GIS -->
