<?xml version="1.0" encoding="UTF-8"?>
<!-- Generated by org.testng.reporters.JUnitReportReporter -->
<testsuite hostname="QUASPC1210" failures="0" tests="9" name="Application_Pages.Home_Page" time="68.195" errors="0" timestamp="28 Mar 2022 04:29:32 GMT">
  <testcase classname="Application_Pages.Home_Page" name="SGL_Ranchi_Home_6" time="4.938"/>
  <testcase classname="Application_Pages.Home_Page" name="SGL_Ranchi_Home_4" time="5.762"/>
  <testcase classname="Application_Pages.Home_Page" name="SGL_Ranchi_Home_9" time="8.578"/>
  <testcase classname="Application_Pages.Home_Page" name="SGL_Ranchi_Home_3" time="7.510"/>
  <testcase classname="Application_Pages.Home_Page" name="SGL_Ranchi_Home_10" time="16.976"/>
  <testcase classname="Application_Pages.Home_Page" name="SGL_Ranchi_Home_7" time="7.910"/>
  <testcase classname="Application_Pages.Home_Page" name="SGL_Ranchi_Home_8" time="4.957"/>
  <testcase classname="Application_Pages.Home_Page" name="SGL_Ranchi_Home_5" time="5.277"/>
  <testcase classname="Application_Pages.Home_Page" name="SGL_Ranchi_Home_1" time="6.287"/>
</testsuite> <!-- Application_Pages.Home_Page -->
