<?xml version="1.0" encoding="UTF-8"?>
<!-- Generated by org.testng.reporters.JUnitReportReporter -->
<testsuite hostname="QUASPC1210" failures="0" tests="6" name="Application_Pages.Forgot_Password_Page" time="53.779" errors="0" timestamp="28 Mar 2022 06:23:30 GMT">
  <testcase classname="Application_Pages.Forgot_Password_Page" name="SGL_Ranchi_ForgotPassword_2" time="9.185"/>
  <testcase classname="Application_Pages.Forgot_Password_Page" name="SGL_Ranchi_ForgotPassword_5" time="10.228"/>
  <testcase classname="Application_Pages.Forgot_Password_Page" name="SGL_Ranchi_ForgotPassword_1" time="6.977"/>
  <testcase classname="Application_Pages.Forgot_Password_Page" name="SGL_Ranchi_ForgotPassword_4" time="9.167"/>
  <testcase classname="Application_Pages.Forgot_Password_Page" name="SGL_Ranchi_ForgotPassword_3" time="9.025"/>
  <testcase classname="Application_Pages.Forgot_Password_Page" name="SGL_Ranchi_ForgotPassword_6" time="9.197"/>
</testsuite> <!-- Application_Pages.Forgot_Password_Page -->
